<?xml version="1.0" encoding="UTF-8"?>
<!-- Generated by org.testng.reporters.JUnitReportReporter -->
<testsuite hostname="DESKTOP-JVQL470" failures="0" tests="5" name="testCases.TC_003_LoginDDT" time="37.004" errors="0" timestamp="2024-03-27T02:05:10 IST" skipped="0">
  <testcase classname="testCases.TC_003_LoginDDT" name="verify_loginDDT" time="1.785"/>
  <testcase classname="testCases.TC_003_LoginDDT" name="verify_loginDDT" time="1.947"/>
  <testcase classname="testCases.TC_003_LoginDDT" name="verify_loginDDT" time="11.266"/>
  <testcase classname="testCases.TC_003_LoginDDT" name="verify_loginDDT" time="11.039"/>
  <testcase classname="testCases.TC_003_LoginDDT" name="verify_loginDDT" time="10.967"/>
</testsuite> <!-- testCases.TC_003_LoginDDT -->
