<?xml version="1.0" encoding="UTF-8"?>
<!-- Generated by org.testng.reporters.JUnitReportReporter -->
<testsuite hostname="DESKTOP-JVQL470" failures="0" tests="1" name="testCases.TC_002_LoginTest" time="2.751" errors="0" timestamp="2024-04-09T01:09:05 IST" skipped="0">
  <testcase classname="testCases.TC_002_LoginTest" name="verify_login" time="2.751"/>
</testsuite> <!-- testCases.TC_002_LoginTest -->
