<?xml version="1.0" encoding="UTF-8"?>
<!-- Generated by org.testng.reporters.JUnitReportReporter -->
<testsuite hostname="DESKTOP-JVQL470" failures="0" tests="1" name="testCases.TC_004_SearchProductTest" time="1.774" errors="0" timestamp="2024-04-09T00:08:06 IST" skipped="0">
  <testcase classname="testCases.TC_004_SearchProductTest" name="verify_pruductSearch" time="1.774"/>
</testsuite> <!-- testCases.TC_004_SearchProductTest -->
