<?xml version="1.0" encoding="UTF-8"?>
<!-- Generated by org.testng.reporters.JUnitReportReporter -->
<testsuite hostname="DESKTOP-JVQL470" failures="0" tests="1" name="testCases.Demo" time="11.866" errors="0" timestamp="2024-03-20T03:14:47 IST" skipped="0">
  <testcase classname="testCases.Demo" name="setup" time="11.866"/>
</testsuite> <!-- testCases.Demo -->
