<?xml version="1.0" encoding="UTF-8"?>
<!-- Generated by org.testng.reporters.JUnitReportReporter -->
<testsuite hostname="DESKTOP-JVQL470" failures="0" tests="1" name="testCases.TC_002_LoginTest" time="1.721" errors="0" timestamp="2024-04-11T19:52:17 IST" skipped="0">
  <testcase classname="testCases.TC_002_LoginTest" name="verify_login" time="1.721"/>
</testsuite> <!-- testCases.TC_002_LoginTest -->
