<?xml version="1.0" encoding="UTF-8"?>
<!-- Generated by org.testng.reporters.JUnitReportReporter -->
<testsuite hostname="DESKTOP-JVQL470" failures="0" tests="1" name="testCases.TC_001_AccountRegistrationTest" time="5.760" errors="0" timestamp="2024-04-09T01:09:05 IST" skipped="0">
  <testcase classname="testCases.TC_001_AccountRegistrationTest" name="verify_account_registration" time="5.760"/>
</testsuite> <!-- testCases.TC_001_AccountRegistrationTest -->
