<?xml version="1.0" encoding="UTF-8"?>
<!-- Generated by org.testng.reporters.JUnitReportReporter -->
<testsuite hostname="DESKTOP-JVQL470" failures="0" tests="1" name="pageObjects.DemoClass" time="15.419" errors="0" timestamp="2024-03-21T03:32:51 IST" skipped="0">
  <testcase classname="pageObjects.DemoClass" name="setup" time="15.419"/>
</testsuite> <!-- pageObjects.DemoClass -->
